<?xml version="1.0" encoding="UTF-8"?>
<!-- Generated by org.testng.reporters.JUnitReportReporter -->
<testsuite hostname="Marks-MacBook-Pro-2.local" failures="0" tests="1" name="_02_com.masteringrestassured.api.tests.post._01_Post_Request_And_Assertion_To_Determine_If_Operation_Successful" time="4.456" errors="0" timestamp="2022-01-15T21:54:08 GMT" skipped="0">
  <testcase classname="_02_com.masteringrestassured.api.tests.post._01_Post_Request_And_Assertion_To_Determine_If_Operation_Successful" name="postUserIdWithNonEmptyTitleAndBody_AssertOperationSuccessful" time="4.456"/>
  <system-out/>
</testsuite> <!-- _02_com.masteringrestassured.api.tests.post._01_Post_Request_And_Assertion_To_Determine_If_Operation_Successful -->
