<?xml version="1.0" encoding="UTF-8"?>
<!-- Generated by org.testng.reporters.JUnitReportReporter -->
<testsuite hostname="Marks-MacBook-Pro-2.local" failures="0" tests="1" name="_01_com.masteringrestassured.api.tests.get._01_Get_Random_UserId_And_Print_Out_Email_Address" time="1.738" errors="0" timestamp="2022-01-15T17:43:18 GMT" skipped="0">
  <testcase classname="_01_com.masteringrestassured.api.tests.get._01_Get_Random_UserId_And_Print_Out_Email_Address" name="getRandomUserIdAndPrintOutEmailAddress" time="1.738"/>
  <system-out/>
</testsuite> <!-- _01_com.masteringrestassured.api.tests.get._01_Get_Random_UserId_And_Print_Out_Email_Address -->
