<?xml version="1.0" encoding="UTF-8"?>
<!-- Generated by org.testng.reporters.JUnitReportReporter -->
<testsuite hostname="Marks-MacBook-Pro-2.local" failures="0" tests="1" name="_01_com.masteringrestassured.api.tests.get._02_Get_Request_Extract_Node_Text_Using_JsonPath_Class" time="1.604" errors="0" timestamp="2022-01-16T09:55:33 GMT" skipped="0">
  <testcase classname="_01_com.masteringrestassured.api.tests.get._02_Get_Request_Extract_Node_Text_Using_JsonPath_Class" name="getUserIdAssociatedPosts_AndValidateNoRangeOfTheReturnedPostIds" time="1.604"/>
  <system-out/>
</testsuite> <!-- _01_com.masteringrestassured.api.tests.get._02_Get_Request_Extract_Node_Text_Using_JsonPath_Class -->
